<?xml version="1.0" encoding="UTF-8"?>
<!-- Generated by org.testng.reporters.JUnitReportReporter -->
<testsuite hostname="DESKTOP-3IUJO9S" failures="0" tests="1" name="org.example.AppTest" time="0.007" errors="0" timestamp="2023-05-10T14:30:38 IST" skipped="0">
  <testcase classname="org.example.AppTest" name="shouldAnswerWithTrue" time="0.007"/>
  <system-out/>
</testsuite> <!-- org.example.AppTest -->
